*** Starting uWSGI 1.9.17.1-debian (64bit) on [Mon Nov 23 15:30:47 2015] ***
compiled with version: 4.8.2 on 23 March 2014 17:15:32
os: Linux-3.19.0-25-generic #26~14.04.1-Ubuntu SMP Fri Jul 24 21:16:20 UTC 2015
nodename: pi
machine: x86_64
clock source: unix
pcre jit disabled
detected number of CPU cores: 1
current working directory: /home/molasym/flask-session
writing pidfile to /home/molasym/flask-session/session.pid
detected binary path: /usr/bin/uwsgi-core
your processes number limit is 100
your memory page size is 4096 bytes
detected max file descriptor number: 300
lock engine: pthread robust mutexes
thunder lock: disabled (you can enable it with --thunder-lock)
uwsgi socket 0 bound to UNIX address /tmp/molasym,session.sock fd 3
Python version: 2.7.6 (default, Jun 22 2015, 18:01:27)  [GCC 4.8.2]
*** Python threads support is disabled. You can enable it with --enable-threads ***
Python main interpreter initialized at 0xcb7ff0
your server socket listen backlog is limited to 100 connections
your mercy for graceful operations on workers is 60 seconds
mapped 145584 bytes (142 KB) for 1 cores
*** Operational MODE: single process ***
WSGI app 0 (mountpoint='') ready in 1 seconds on interpreter 0xcb7ff0 pid: 31048 (default app)
*** uWSGI is running in multiple interpreter mode ***
spawned uWSGI master process (pid: 31048)
spawned uWSGI worker 1 (pid: 31052, cores: 1)
[pid: 31052|app: 0|req: 1/1] 194.29.146.16 () {42 vars in 677 bytes} [Mon Nov 23 15:31:02 2015] GET /molasym/session/login => generated 327 bytes in 18 msecs (HTTP/1.0 200) 2 headers in 80 bytes (1 switches on core 0)
[pid: 31052|app: 0|req: 2/2] 194.29.146.16 () {42 vars in 677 bytes} [Mon Nov 23 15:31:12 2015] GET /molasym/session/login => generated 327 bytes in 2 msecs (HTTP/1.0 200) 2 headers in 80 bytes (1 switches on core 0)
*** Starting uWSGI 1.9.17.1-debian (64bit) on [Mon Nov 23 15:33:13 2015] ***
compiled with version: 4.8.2 on 23 March 2014 17:15:32
os: Linux-3.19.0-25-generic #26~14.04.1-Ubuntu SMP Fri Jul 24 21:16:20 UTC 2015
nodename: pi
machine: x86_64
clock source: unix
pcre jit disabled
detected number of CPU cores: 1
current working directory: /home/molasym/flask-session
writing pidfile to /home/molasym/flask-session/session.pid
detected binary path: /usr/bin/uwsgi-core
your processes number limit is 100
your memory page size is 4096 bytes
detected max file descriptor number: 300
lock engine: pthread robust mutexes
thunder lock: disabled (you can enable it with --thunder-lock)
uwsgi socket 0 bound to UNIX address /tmp/molasym,session.sock fd 3
Python version: 2.7.6 (default, Jun 22 2015, 18:01:27)  [GCC 4.8.2]
*** Python threads support is disabled. You can enable it with --enable-threads ***
Python main interpreter initialized at 0x1c1dff0
your server socket listen backlog is limited to 100 connections
your mercy for graceful operations on workers is 60 seconds
mapped 145584 bytes (142 KB) for 1 cores
*** Operational MODE: single process ***
WSGI app 0 (mountpoint='') ready in 0 seconds on interpreter 0x1c1dff0 pid: 31595 (default app)
*** uWSGI is running in multiple interpreter mode ***
spawned uWSGI master process (pid: 31595)
spawned uWSGI worker 1 (pid: 31598, cores: 1)
[pid: 31598|app: 0|req: 1/1] 194.29.146.16 () {44 vars in 825 bytes} [Mon Nov 23 15:33:17 2015] GET /molasym/session/login => generated 327 bytes in 20 msecs (HTTP/1.0 200) 2 headers in 80 bytes (1 switches on core 0)
[pid: 31598|app: 0|req: 2/2] 194.29.146.16 () {46 vars in 860 bytes} [Mon Nov 23 15:33:45 2015] GET /molasym/session => generated 289 bytes in 29 msecs (HTTP/1.0 301) 3 headers in 148 bytes (1 switches on core 0)
[pid: 31598|app: 0|req: 3/3] 194.29.146.16 () {46 vars in 862 bytes} [Mon Nov 23 15:33:45 2015] GET /molasym/session/ => generated 251 bytes in 1 msecs (HTTP/1.0 302) 3 headers in 141 bytes (1 switches on core 0)
[pid: 31598|app: 0|req: 4/4] 194.29.146.16 () {46 vars in 872 bytes} [Mon Nov 23 15:33:45 2015] GET /molasym/session/login => generated 327 bytes in 0 msecs (HTTP/1.0 200) 2 headers in 80 bytes (1 switches on core 0)
[pid: 31598|app: 0|req: 5/5] 194.29.146.16 () {44 vars in 825 bytes} [Mon Nov 23 15:34:57 2015] GET /molasym/session/login => generated 327 bytes in 6 msecs (HTTP/1.0 200) 2 headers in 80 bytes (1 switches on core 0)
[pid: 31598|app: 0|req: 6/6] 194.29.146.16 () {44 vars in 825 bytes} [Mon Nov 23 15:34:58 2015] GET /molasym/session/login => generated 327 bytes in 1 msecs (HTTP/1.0 200) 2 headers in 80 bytes (1 switches on core 0)
*** Starting uWSGI 1.9.17.1-debian (64bit) on [Mon Nov 23 15:35:04 2015] ***
compiled with version: 4.8.2 on 23 March 2014 17:15:32
os: Linux-3.19.0-25-generic #26~14.04.1-Ubuntu SMP Fri Jul 24 21:16:20 UTC 2015
nodename: pi
machine: x86_64
clock source: unix
pcre jit disabled
detected number of CPU cores: 1
current working directory: /home/molasym/flask-session
writing pidfile to /home/molasym/flask-session/session.pid
detected binary path: /usr/bin/uwsgi-core
your processes number limit is 100
your memory page size is 4096 bytes
detected max file descriptor number: 300
lock engine: pthread robust mutexes
thunder lock: disabled (you can enable it with --thunder-lock)
uwsgi socket 0 bound to UNIX address /tmp/molasym,session.sock fd 3
Python version: 2.7.6 (default, Jun 22 2015, 18:01:27)  [GCC 4.8.2]
*** Python threads support is disabled. You can enable it with --enable-threads ***
Python main interpreter initialized at 0x2290ff0
your server socket listen backlog is limited to 100 connections
your mercy for graceful operations on workers is 60 seconds
mapped 145584 bytes (142 KB) for 1 cores
*** Operational MODE: single process ***
WSGI app 0 (mountpoint='') ready in 0 seconds on interpreter 0x2290ff0 pid: 31780 (default app)
*** uWSGI is running in multiple interpreter mode ***
spawned uWSGI master process (pid: 31780)
spawned uWSGI worker 1 (pid: 31783, cores: 1)
[pid: 31783|app: 0|req: 1/1] 194.29.146.16 () {44 vars in 825 bytes} [Mon Nov 23 15:35:07 2015] GET /molasym/session/login => generated 327 bytes in 20 msecs (HTTP/1.0 200) 2 headers in 80 bytes (1 switches on core 0)
[pid: 31783|app: 0|req: 2/2] 194.29.146.16 () {44 vars in 825 bytes} [Mon Nov 23 15:37:26 2015] GET /molasym/session/login => generated 330 bytes in 7 msecs (HTTP/1.0 200) 2 headers in 80 bytes (1 switches on core 0)
[pid: 31783|app: 0|req: 3/3] 194.29.146.16 () {44 vars in 825 bytes} [Mon Nov 23 15:37:27 2015] GET /molasym/session/login => generated 330 bytes in 1 msecs (HTTP/1.0 200) 2 headers in 80 bytes (1 switches on core 0)
[pid: 31783|app: 0|req: 4/4] 194.29.146.16 () {50 vars in 996 bytes} [Mon Nov 23 15:37:31 2015] POST /molasym/session/login => generated 149 bytes in 3 msecs (HTTP/1.0 200) 2 headers in 80 bytes (1 switches on core 0)
[pid: 31783|app: 0|req: 5/5] 194.29.146.16 () {50 vars in 996 bytes} [Mon Nov 23 15:37:47 2015] POST /molasym/session/login => generated 139 bytes in 5 msecs (HTTP/1.0 200) 3 headers in 245 bytes (1 switches on core 0)
[pid: 31783|app: 0|req: 6/6] 194.29.146.16 () {50 vars in 996 bytes} [Mon Nov 23 15:37:54 2015] POST /molasym/session/login => generated 149 bytes in 2 msecs (HTTP/1.0 200) 3 headers in 245 bytes (1 switches on core 0)
[pid: 31783|app: 0|req: 7/7] 194.29.146.16 () {44 vars in 700 bytes} [Mon Nov 23 15:39:21 2015] GET /molasym/session => generated 277 bytes in 21 msecs (HTTP/1.0 301) 3 headers in 142 bytes (1 switches on core 0)
[pid: 31783|app: 0|req: 8/8] 194.29.146.16 () {44 vars in 702 bytes} [Mon Nov 23 15:39:21 2015] GET /molasym/session/ => generated 251 bytes in 0 msecs (HTTP/1.0 302) 3 headers in 135 bytes (1 switches on core 0)
[pid: 31783|app: 0|req: 9/9] 194.29.146.16 () {44 vars in 712 bytes} [Mon Nov 23 15:39:21 2015] GET /molasym/session/login => generated 330 bytes in 1 msecs (HTTP/1.0 200) 2 headers in 80 bytes (1 switches on core 0)
[pid: 31783|app: 0|req: 10/10] 194.29.146.4 () {40 vars in 655 bytes} [Mon Nov 23 15:40:57 2015] GET /molasym/session => generated 287 bytes in 6 msecs (HTTP/1.1 301) 3 headers in 147 bytes (2 switches on core 0)
[pid: 31783|app: 0|req: 11/11] 194.29.146.4 () {40 vars in 657 bytes} [Mon Nov 23 15:40:57 2015] GET /molasym/session/ => generated 251 bytes in 0 msecs (HTTP/1.1 302) 3 headers in 140 bytes (1 switches on core 0)
[pid: 31783|app: 0|req: 12/12] 194.29.146.4 () {40 vars in 667 bytes} [Mon Nov 23 15:40:57 2015] GET /molasym/session/login => generated 330 bytes in 0 msecs (HTTP/1.1 200) 2 headers in 80 bytes (1 switches on core 0)
[pid: 31783|app: 0|req: 13/13] 194.29.146.16 () {44 vars in 825 bytes} [Mon Nov 23 15:50:55 2015] GET /molasym/session/login => generated 330 bytes in 8 msecs (HTTP/1.0 200) 3 headers in 245 bytes (1 switches on core 0)
[pid: 31783|app: 0|req: 14/14] 194.29.146.16 () {44 vars in 825 bytes} [Mon Nov 23 15:50:59 2015] GET /molasym/session/login => generated 330 bytes in 1 msecs (HTTP/1.0 200) 3 headers in 245 bytes (1 switches on core 0)
*** Starting uWSGI 1.9.17.1-debian (64bit) on [Mon Nov 23 15:51:58 2015] ***
compiled with version: 4.8.2 on 23 March 2014 17:15:32
os: Linux-3.19.0-25-generic #26~14.04.1-Ubuntu SMP Fri Jul 24 21:16:20 UTC 2015
nodename: pi
machine: x86_64
clock source: unix
pcre jit disabled
detected number of CPU cores: 1
current working directory: /home/molasym/flask-session
writing pidfile to /home/molasym/flask-session/session.pid
detected binary path: /usr/bin/uwsgi-core
your processes number limit is 100
your memory page size is 4096 bytes
detected max file descriptor number: 300
lock engine: pthread robust mutexes
thunder lock: disabled (you can enable it with --thunder-lock)
uwsgi socket 0 bound to UNIX address /tmp/molasym,session.sock fd 3
Python version: 2.7.6 (default, Jun 22 2015, 18:01:27)  [GCC 4.8.2]
*** Python threads support is disabled. You can enable it with --enable-threads ***
Python main interpreter initialized at 0x204aff0
your server socket listen backlog is limited to 100 connections
your mercy for graceful operations on workers is 60 seconds
mapped 145584 bytes (142 KB) for 1 cores
*** Operational MODE: single process ***
  File "session.py", line 9
    url{}
       ^
SyntaxError: invalid syntax
failed to parse file session.py
unable to load app 0 (mountpoint='') (callable not found or import error)
*** no app loaded. going in full dynamic mode ***
*** uWSGI is running in multiple interpreter mode ***
spawned uWSGI master process (pid: 1128)
spawned uWSGI worker 1 (pid: 1129, cores: 1)
--- no python application found, check your startup logs for errors ---
[pid: 1129|app: -1|req: -1/1] 194.29.146.16 () {44 vars in 825 bytes} [Mon Nov 23 15:52:02 2015] GET /molasym/session/login => generated 21 bytes in 0 msecs (HTTP/1.0 500) 1 headers in 57 bytes (0 switches on core 0)
--- no python application found, check your startup logs for errors ---
[pid: 1129|app: -1|req: -1/2] 194.29.146.16 () {44 vars in 825 bytes} [Mon Nov 23 15:52:05 2015] GET /molasym/session/login => generated 21 bytes in 0 msecs (HTTP/1.0 500) 1 headers in 57 bytes (0 switches on core 0)
*** Starting uWSGI 1.9.17.1-debian (64bit) on [Mon Nov 23 15:52:24 2015] ***
compiled with version: 4.8.2 on 23 March 2014 17:15:32
os: Linux-3.19.0-25-generic #26~14.04.1-Ubuntu SMP Fri Jul 24 21:16:20 UTC 2015
nodename: pi
machine: x86_64
clock source: unix
pcre jit disabled
detected number of CPU cores: 1
current working directory: /home/molasym/flask-session
writing pidfile to /home/molasym/flask-session/session.pid
detected binary path: /usr/bin/uwsgi-core
your processes number limit is 100
your memory page size is 4096 bytes
detected max file descriptor number: 300
lock engine: pthread robust mutexes
thunder lock: disabled (you can enable it with --thunder-lock)
uwsgi socket 0 bound to UNIX address top fd 3
uwsgi socket 1 bound to UNIX address /tmp/molasym,session.sock fd 4
Python version: 2.7.6 (default, Jun 22 2015, 18:01:27)  [GCC 4.8.2]
*** Python threads support is disabled. You can enable it with --enable-threads ***
Python main interpreter initialized at 0xdb7150
your server socket listen backlog is limited to 100 connections
your mercy for graceful operations on workers is 60 seconds
mapped 145584 bytes (142 KB) for 1 cores
*** Operational MODE: single process ***
  File "session.py", line 9
    url{}
       ^
SyntaxError: invalid syntax
failed to parse file session.py
unable to load app 0 (mountpoint='') (callable not found or import error)
*** no app loaded. going in full dynamic mode ***
*** uWSGI is running in multiple interpreter mode ***
spawned uWSGI master process (pid: 1146)
spawned uWSGI worker 1 (pid: 1147, cores: 1)
--- no python application found, check your startup logs for errors ---
[pid: 1147|app: -1|req: -1/1] 194.29.146.16 () {44 vars in 825 bytes} [Mon Nov 23 15:52:27 2015] GET /molasym/session/login => generated 21 bytes in 0 msecs (HTTP/1.0 500) 1 headers in 57 bytes (0 switches on core 0)
--- no python application found, check your startup logs for errors ---
[pid: 1147|app: -1|req: -1/2] 194.29.146.16 () {44 vars in 825 bytes} [Mon Nov 23 15:52:28 2015] GET /molasym/session/login => generated 21 bytes in 0 msecs (HTTP/1.0 500) 1 headers in 57 bytes (0 switches on core 0)
*** Starting uWSGI 1.9.17.1-debian (64bit) on [Mon Nov 23 15:52:33 2015] ***
compiled with version: 4.8.2 on 23 March 2014 17:15:32
os: Linux-3.19.0-25-generic #26~14.04.1-Ubuntu SMP Fri Jul 24 21:16:20 UTC 2015
nodename: pi
machine: x86_64
clock source: unix
pcre jit disabled
detected number of CPU cores: 1
current working directory: /home/molasym/flask-session
writing pidfile to /home/molasym/flask-session/session.pid
detected binary path: /usr/bin/uwsgi-core
your processes number limit is 100
your memory page size is 4096 bytes
detected max file descriptor number: 300
lock engine: pthread robust mutexes
thunder lock: disabled (you can enable it with --thunder-lock)
uwsgi socket 0 bound to UNIX address /tmp/molasym,session.sock fd 3
Python version: 2.7.6 (default, Jun 22 2015, 18:01:27)  [GCC 4.8.2]
*** Python threads support is disabled. You can enable it with --enable-threads ***
Python main interpreter initialized at 0x2270ff0
your server socket listen backlog is limited to 100 connections
your mercy for graceful operations on workers is 60 seconds
mapped 145584 bytes (142 KB) for 1 cores
*** Operational MODE: single process ***
  File "session.py", line 9
    url{}
       ^
SyntaxError: invalid syntax
failed to parse file session.py
unable to load app 0 (mountpoint='') (callable not found or import error)
*** no app loaded. going in full dynamic mode ***
*** uWSGI is running in multiple interpreter mode ***
spawned uWSGI master process (pid: 1162)
spawned uWSGI worker 1 (pid: 1163, cores: 1)
--- no python application found, check your startup logs for errors ---
[pid: 1163|app: -1|req: -1/1] 194.29.146.16 () {44 vars in 825 bytes} [Mon Nov 23 15:52:51 2015] GET /molasym/session/login => generated 21 bytes in 0 msecs (HTTP/1.0 500) 1 headers in 57 bytes (0 switches on core 0)
